Arguments: 
  /Users/ben/.nvm/versions/node/v14.17.0/bin/node /Users/ben/.yarn/bin/yarn.js

PATH: 
  /Users/ben/.rvm/gems/ruby-2.6.6/bin:/Users/ben/.rvm/gems/ruby-2.6.6@global/bin:/Users/ben/.rvm/rubies/ruby-2.6.6/bin:/Users/ben/.yarn/bin:/Users/ben/.config/yarn/global/node_modules/.bin:/Users/ben/Software/google-cloud-sdk/bin:/Users/ben/.nvm/versions/node/v14.17.0/bin:/Users/ben/.npm-global/bin:/Users/ben/.nix-profile/bin:/nix/var/nix/profiles/default/bin:/usr/local/bin:/usr/bin:/bin:/usr/sbin:/sbin:/Library/Apple/usr/bin:/Users/ben/.rvm/gems/ruby-2.6.6/bin:/Users/ben/.rvm/gems/ruby-2.6.6@global/bin:/Users/ben/.rvm/rubies/ruby-2.6.6/bin:/Users/ben/.yarn/bin:/Users/ben/.config/yarn/global/node_modules/.bin:/Users/ben/Software/google-cloud-sdk/bin:/Users/ben/.nvm/versions/node/v14.17.0/bin:/Users/ben/.npm-global/bin:/Users/ben/.nix-profile/bin:/nix/var/nix/profiles/default/bin:/Users/ben/.fig/bin:/Users/ben/.local/bin:/Users/ben/.rvm/bin

Yarn version: 
  1.22.18

Node version: 
  14.17.0

Platform: 
  darwin x64

Trace: 
  Error: https://registry.yarnpkg.com/@burrata%2fsdk: Not found
      at Request.params.callback [as _callback] (/Users/ben/.yarn/lib/cli.js:66138:18)
      at Request.self.callback (/Users/ben/.yarn/lib/cli.js:140883:22)
      at Request.emit (events.js:376:20)
      at Request.<anonymous> (/Users/ben/.yarn/lib/cli.js:141855:10)
      at Request.emit (events.js:376:20)
      at IncomingMessage.<anonymous> (/Users/ben/.yarn/lib/cli.js:141777:12)
      at Object.onceWrapper (events.js:482:28)
      at IncomingMessage.emit (events.js:388:22)
      at endReadableNT (internal/streams/readable.js:1336:12)
      at processTicksAndRejections (internal/process/task_queues.js:82:21)

npm manifest: 
  {
    "name": "client2",
    "version": "0.1.0",
    "private": true,
    "scripts": {
      "dev": "yarn ts-build && yarn next dev",
      "build": "next build",
      "start": "next start",
      "lint": "tsc --noEmit && eslint '*/**/*.{js,ts,tsx}' --quiet --fix",
      "format": "prettier --write '**/*.{js,json,jsx,ts,tsx}'",
      "ts-build": "typechain --target ethers-v5 --out-dir src/types/ethers-contracts './contracts/*.json'"
    },
    "dependencies": {
      "@burrata/sdk": "^0.5.16",
      "@burrata/sdk.ethers": "^0.5.16",
      "@ethersproject/address": "^5.6.0",
      "@ethersproject/constants": "^5.6.0",
      "@ethersproject/contracts": "^5.6.0",
      "@ethersproject/providers": "^5.6.5",
      "@ethersproject/units": "^5.6.0",
      "@typechain/ethers-v5": "^10.0.0",
      "@walletconnect/web3-provider": "^1.7.8",
      "firebase": "^9.8.1",
      "next": "12.0.7",
      "next-compose-plugins": "^2.2.1",
      "persona": "^4.6.0",
      "react": "17.0.2",
      "react-dom": "17.0.2",
      "styled-components": "^5.3.5",
      "typechain": "^8.0.0",
      "web3modal": "^1.9.7"
    },
    "devDependencies": {
      "@trivago/prettier-plugin-sort-imports": "^3.2.0",
      "@types/node": "^14.14.13",
      "@types/react": "^17.0.0",
      "@types/react-dom": "^17.0.0",
      "@typescript-eslint/eslint-plugin": "^5.22.0",
      "@typescript-eslint/parser": "^5.22.0",
      "autoprefixer": "^10.1.0",
      "eslint": "^8.14.0",
      "eslint-config-prettier": "^8.5.0",
      "eslint-plugin-import": "^2.26.0",
      "eslint-plugin-node": "^11.1.0",
      "eslint-plugin-prettier": "^4.0.0",
      "eslint-plugin-promise": "^6.0.0",
      "eslint-plugin-standard": "^5.0.0",
      "husky": "^4.3.7",
      "lint-staged": "^10.5.3",
      "postcss": "^8.2.4",
      "prettier": "^2.6.2",
      "snazzy": "^9.0.0",
      "tailwindcss": "^2.0.2",
      "ts-standard": "^11.0.0",
      "typescript": "^4.1.3"
    },
    "lint-staged": {
      "*.{js,jsx,ts,tsx}": [
        [
          "eslint --fix",
          "eslint"
        ]
      ],
      "*.json": [
        "prettier --write"
      ]
    },
    "husky": {
      "hooks": {
        "pre-commit": "lint-staged"
      }
    }
  }

yarn manifest: 
  No manifest

Lockfile: 
  No lockfile
